<?xml version="1.0" encoding="UTF-8"?>

<mule xmlns="http://www.mulesoft.org/schema/mule/core"
      xmlns:xsi="http://www.w3.org/2001/XMLSchema-instance"
      xmlns:spring="http://www.springframework.org/schema/beans"
      xmlns:munit="http://www.mulesoft.org/schema/mule/munit"
      xsi:schemaLocation="http://www.mulesoft.org/schema/mule/corehttp://www.mulesoft.org/schema/mule/core/3.2/mule.xsd
    http://www.mulesoft.org/schema/mule/munithttp://www.mulesoft.org/schema/mule/munit/1.0/mule-munit.xsd">

    <spring:beans>
        <spring:import resource="mule-config.xml"/>
    </spring:beans>

    <munit:config/>

    <munit:test name="testingEchoFlow"
                description="We want to test that the flow always returns the same payload as we had before  calling it.">

        <munit:set payload-ref="#[string: Hello world!]"/>
        <flow-ref name="echoFlow"/>
        <munit:assert-not-null/>
        <munit:assert-that payloadIs-ref="#[string: Hello world!]"/>
    </munit:test>
</mule>