<?xml version="1.0" encoding="UTF-8" ?>
<testsuite failures="0" time="0.015" errors="0" skipped="0" tests="2" name="org.mule.munit.runner.SuiteBuilderTest">
  <properties>
    <property name="java.runtime.name" value="Java(TM) SE Runtime Environment"/>
    <property name="sun.boot.library.path" value="/System/Library/Java/JavaVirtualMachines/1.6.0.jdk/Contents/Libraries"/>
    <property name="java.vm.version" value="20.4-b02-402"/>
    <property name="awt.nativeDoubleBuffering" value="true"/>
    <property name="gopherProxySet" value="false"/>
    <property name="mrj.build" value="11D50d"/>
    <property name="java.vm.vendor" value="Apple Inc."/>
    <property name="java.vendor.url" value="http://www.apple.com/"/>
    <property name="path.separator" value=":"/>
    <property name="java.vm.name" value="Java HotSpot(TM) 64-Bit Server VM"/>
    <property name="file.encoding.pkg" value="sun.io"/>
    <property name="user.country" value="US"/>
    <property name="sun.java.launcher" value="SUN_STANDARD"/>
    <property name="sun.os.patch.level" value="unknown"/>
    <property name="java.vm.specification.name" value="Java Virtual Machine Specification"/>
    <property name="user.dir" value="/Users/fernandofederico/Desktop/source/munit/core/runner"/>
    <property name="java.runtime.version" value="1.6.0_29-b11-402-11D50d"/>
    <property name="java.awt.graphicsenv" value="apple.awt.CGraphicsEnvironment"/>
    <property name="basedir" value="/Users/fernandofederico/Desktop/source/munit/core/runner"/>
    <property name="java.endorsed.dirs" value="/System/Library/Java/JavaVirtualMachines/1.6.0.jdk/Contents/Home/lib/endorsed"/>
    <property name="os.arch" value="x86_64"/>
    <property name="surefire.real.class.path" value="/Users/fernandofederico/Desktop/source/munit/core/runner/target/surefire/surefirebooter584695381704766926.jar"/>
    <property name="java.io.tmpdir" value="/var/folders/p0/wp1hrtw10fb906mswkrg2jh80000gn/T/"/>
    <property name="line.separator" value="
"/>
    <property name="java.vm.specification.vendor" value="Sun Microsystems Inc."/>
    <property name="os.name" value="Mac OS X"/>
    <property name="sun.jnu.encoding" value="MacRoman"/>
    <property name="java.library.path" value=".:/Library/Java/Extensions:/System/Library/Java/Extensions:/usr/lib/java"/>
    <property name="surefire.test.class.path" value="/Users/fernandofederico/Desktop/source/munit/core/runner/target/test-classes:/Users/fernandofederico/Desktop/source/munit/core/runner/target/classes:/Users/fernandofederico/.m2/repository/org/mule/mule-core/3.3.0/mule-core-3.3.0.jar:/Users/fernandofederico/.m2/repository/commons-beanutils/commons-beanutils/1.8.0/commons-beanutils-1.8.0.jar:/Users/fernandofederico/.m2/repository/org/safehaus/jug/jug/2.0.0/jug-2.0.0-asl.jar:/Users/fernandofederico/.m2/repository/commons-cli/commons-cli/1.2/commons-cli-1.2.jar:/Users/fernandofederico/.m2/repository/commons-collections/commons-collections/3.2.1/commons-collections-3.2.1.jar:/Users/fernandofederico/.m2/repository/commons-io/commons-io/1.4/commons-io-1.4.jar:/Users/fernandofederico/.m2/repository/commons-lang/commons-lang/2.4/commons-lang-2.4.jar:/Users/fernandofederico/.m2/repository/commons-pool/commons-pool/1.5.3/commons-pool-1.5.3.jar:/Users/fernandofederico/.m2/repository/javax/activation/activation/1.1-osgi/activation-1.1-osgi.jar:/Users/fernandofederico/.m2/repository/org/apache/geronimo/specs/geronimo-jta_1.1_spec/1.1.1/geronimo-jta_1.1_spec-1.1.1.jar:/Users/fernandofederico/.m2/repository/org/apache/geronimo/specs/geronimo-j2ee-connector_1.5_spec/1.1-osgi/geronimo-j2ee-connector_1.5_spec-1.1-osgi.jar:/Users/fernandofederico/.m2/repository/javax/annotation/jsr250-api/1.0/jsr250-api-1.0.jar:/Users/fernandofederico/.m2/repository/org/slf4j/jcl-over-slf4j/1.6.1/jcl-over-slf4j-1.6.1.jar:/Users/fernandofederico/.m2/repository/org/slf4j/slf4j-api/1.6.1/slf4j-api-1.6.1.jar:/Users/fernandofederico/.m2/repository/org/slf4j/slf4j-log4j12/1.6.1/slf4j-log4j12-1.6.1.jar:/Users/fernandofederico/.m2/repository/log4j/log4j/1.2.16/log4j-1.2.16.jar:/Users/fernandofederico/.m2/repository/asm/asm/3.1/asm-3.1.jar:/Users/fernandofederico/.m2/repository/asm/asm-commons/3.1/asm-commons-3.1.jar:/Users/fernandofederico/.m2/repository/asm/asm-tree/3.1/asm-tree-3.1.jar:/Users/fernandofederico/.m2/repository/org/mvel/mvel2/2.0.19/mvel2-2.0.19.jar:/Users/fernandofederico/.m2/repository/org/jgrapht/jgrapht-jdk1.5/0.7.3/jgrapht-jdk1.5-0.7.3.jar:/Users/fernandofederico/.m2/repository/org/mule/modules/mule-module-spring-config/3.3.0/mule-module-spring-config-3.3.0.jar:/Users/fernandofederico/.m2/repository/org/mule/modules/mule-module-annotations/3.3.0/mule-module-annotations-3.3.0.jar:/Users/fernandofederico/.m2/repository/cglib/cglib-nodep/2.2/cglib-nodep-2.2.jar:/Users/fernandofederico/.m2/repository/org/springframework/spring-context/3.1.1.RELEASE/spring-context-3.1.1.RELEASE.jar:/Users/fernandofederico/.m2/repository/org/springframework/spring-aop/3.1.1.RELEASE/spring-aop-3.1.1.RELEASE.jar:/Users/fernandofederico/.m2/repository/org/springframework/spring-beans/3.1.1.RELEASE/spring-beans-3.1.1.RELEASE.jar:/Users/fernandofederico/.m2/repository/org/springframework/spring-core/3.1.1.RELEASE/spring-core-3.1.1.RELEASE.jar:/Users/fernandofederico/.m2/repository/org/springframework/spring-expression/3.1.1.RELEASE/spring-expression-3.1.1.RELEASE.jar:/Users/fernandofederico/.m2/repository/org/springframework/spring-asm/3.1.1.RELEASE/spring-asm-3.1.1.RELEASE.jar:/Users/fernandofederico/.m2/repository/dom4j/dom4j/1.6.1-osgi/dom4j-1.6.1-osgi.jar:/Users/fernandofederico/.m2/repository/jaxen/jaxen/1.1.1/jaxen-1.1.1.jar:/Users/fernandofederico/.m2/repository/jdom/jdom/1.0/jdom-1.0.jar:/Users/fernandofederico/.m2/repository/org/mule/tools/devkit/mule-devkit-annotations/3.3.1/mule-devkit-annotations-3.3.1.jar:/Users/fernandofederico/.m2/repository/javax/inject/javax.inject/1/javax.inject-1.jar:/Users/fernandofederico/.m2/repository/junit/junit/4.8.2/junit-4.8.2.jar:/Users/fernandofederico/Desktop/source/munit/core/assert/target/assert-3.3.2-SNAPSHOT.jar:/Users/fernandofederico/.m2/repository/oauth/signpost/signpost-core/1.2.1.1/signpost-core-1.2.1.1.jar:/Users/fernandofederico/.m2/repository/commons-codec/commons-codec/1.3/commons-codec-1.3.jar:/Users/fernandofederico/.m2/repository/org/mockito/mockito-all/1.8.2/mockito-all-1.8.2.jar:/Users/fernandofederico/.m2/repository/org/mule/tests/mule-tests-functional/3.3.0/mule-tests-functional-3.3.0.jar:/Users/fernandofederico/.m2/repository/org/mule/mule-core/3.3.0/mule-core-3.3.0-tests.jar:/Users/fernandofederico/.m2/repository/org/mule/transports/mule-transport-vm/3.3.0/mule-transport-vm-3.3.0.jar:/Users/fernandofederico/.m2/repository/org/mule/modules/mule-module-xml/3.3.0/mule-module-xml-3.3.0.jar:/Users/fernandofederico/.m2/repository/org/apache/geronimo/specs/geronimo-stax-api_1.0_spec/1.0.1/geronimo-stax-api_1.0_spec-1.0.1.jar:/Users/fernandofederico/.m2/repository/commons-jxpath/commons-jxpath/1.3-osgi/commons-jxpath-1.3-osgi.jar:/Users/fernandofederico/.m2/repository/com/thoughtworks/xstream/xstream/1.4.2/xstream-1.4.2.jar:/Users/fernandofederico/.m2/repository/xmlpull/xmlpull/1.1.3.1/xmlpull-1.1.3.1.jar:/Users/fernandofederico/.m2/repository/joda-time/joda-time/1.6/joda-time-1.6.jar:/Users/fernandofederico/.m2/repository/xpp3/xpp3_min/1.1.3.4.O-osgi/xpp3_min-1.1.3.4.O-osgi.jar:/Users/fernandofederico/.m2/repository/org/codehaus/woodstox/woodstox-core-asl/4.0.8/woodstox-core-asl-4.0.8.jar:/Users/fernandofederico/.m2/repository/org/codehaus/woodstox/stax2-api/3.0.2/stax2-api-3.0.2.jar:/Users/fernandofederico/.m2/repository/net/java/dev/stax-utils/stax-utils/20080702-osgi/stax-utils-20080702-osgi.jar:/Users/fernandofederico/.m2/repository/net/sf/saxon/saxon/8.9.0.4-osgi/saxon-8.9.0.4-osgi.jar:/Users/fernandofederico/.m2/repository/net/sf/saxon/saxon-dom/8.9.0.4-osgi/saxon-dom-8.9.0.4-osgi.jar:/Users/fernandofederico/.m2/repository/net/sf/saxon/saxon-xqj/8.9.0.4/saxon-xqj-8.9.0.4.jar:/Users/fernandofederico/.m2/repository/javax/xml/bind/jaxb-api/2.1/jaxb-api-2.1.jar:/Users/fernandofederico/.m2/repository/com/sun/xml/bind/jaxb-impl/2.1.5/jaxb-impl-2.1.5.jar:/Users/fernandofederico/.m2/repository/org/mule/transports/mule-transport-jdbc/3.3.0/mule-transport-jdbc-3.3.0.jar:/Users/fernandofederico/.m2/repository/commons-dbutils/commons-dbutils/1.2/commons-dbutils-1.2.jar:/Users/fernandofederico/.m2/repository/com/experlog/xapool/1.5.0-osgi/xapool-1.5.0-osgi.jar:/Users/fernandofederico/.m2/repository/org/mule/transports/mule-transport-jms/3.3.0/mule-transport-jms-3.3.0.jar:/Users/fernandofederico/.m2/repository/org/apache/geronimo/specs/geronimo-jms_1.1_spec/1.1-osgi/geronimo-jms_1.1_spec-1.1-osgi.jar:/Users/fernandofederico/.m2/repository/org/apache/geronimo/specs/geronimo-j2ee-management_1.0_spec/1.1-osgi/geronimo-j2ee-management_1.0_spec-1.1-osgi.jar:"/>
    <property name="java.specification.name" value="Java Platform API Specification"/>
    <property name="java.class.version" value="50.0"/>
    <property name="sun.management.compiler" value="HotSpot 64-Bit Tiered Compilers"/>
    <property name="os.version" value="10.7.3"/>
    <property name="http.nonProxyHosts" value="local|*.local|169.254/16|*.169.254/16"/>
    <property name="user.home" value="/Users/fernandofederico"/>
    <property name="user.timezone" value="GMT-03:00"/>
    <property name="java.awt.printerjob" value="apple.awt.CPrinterJob"/>
    <property name="java.specification.version" value="1.6"/>
    <property name="file.encoding" value="MacRoman"/>
    <property name="user.name" value="fernandofederico"/>
    <property name="java.class.path" value="/Users/fernandofederico/Desktop/source/munit/core/runner/target/test-classes:/Users/fernandofederico/Desktop/source/munit/core/runner/target/classes:/Users/fernandofederico/.m2/repository/org/mule/mule-core/3.3.0/mule-core-3.3.0.jar:/Users/fernandofederico/.m2/repository/commons-beanutils/commons-beanutils/1.8.0/commons-beanutils-1.8.0.jar:/Users/fernandofederico/.m2/repository/org/safehaus/jug/jug/2.0.0/jug-2.0.0-asl.jar:/Users/fernandofederico/.m2/repository/commons-cli/commons-cli/1.2/commons-cli-1.2.jar:/Users/fernandofederico/.m2/repository/commons-collections/commons-collections/3.2.1/commons-collections-3.2.1.jar:/Users/fernandofederico/.m2/repository/commons-io/commons-io/1.4/commons-io-1.4.jar:/Users/fernandofederico/.m2/repository/commons-lang/commons-lang/2.4/commons-lang-2.4.jar:/Users/fernandofederico/.m2/repository/commons-pool/commons-pool/1.5.3/commons-pool-1.5.3.jar:/Users/fernandofederico/.m2/repository/javax/activation/activation/1.1-osgi/activation-1.1-osgi.jar:/Users/fernandofederico/.m2/repository/org/apache/geronimo/specs/geronimo-jta_1.1_spec/1.1.1/geronimo-jta_1.1_spec-1.1.1.jar:/Users/fernandofederico/.m2/repository/org/apache/geronimo/specs/geronimo-j2ee-connector_1.5_spec/1.1-osgi/geronimo-j2ee-connector_1.5_spec-1.1-osgi.jar:/Users/fernandofederico/.m2/repository/javax/annotation/jsr250-api/1.0/jsr250-api-1.0.jar:/Users/fernandofederico/.m2/repository/org/slf4j/jcl-over-slf4j/1.6.1/jcl-over-slf4j-1.6.1.jar:/Users/fernandofederico/.m2/repository/org/slf4j/slf4j-api/1.6.1/slf4j-api-1.6.1.jar:/Users/fernandofederico/.m2/repository/org/slf4j/slf4j-log4j12/1.6.1/slf4j-log4j12-1.6.1.jar:/Users/fernandofederico/.m2/repository/log4j/log4j/1.2.16/log4j-1.2.16.jar:/Users/fernandofederico/.m2/repository/asm/asm/3.1/asm-3.1.jar:/Users/fernandofederico/.m2/repository/asm/asm-commons/3.1/asm-commons-3.1.jar:/Users/fernandofederico/.m2/repository/asm/asm-tree/3.1/asm-tree-3.1.jar:/Users/fernandofederico/.m2/repository/org/mvel/mvel2/2.0.19/mvel2-2.0.19.jar:/Users/fernandofederico/.m2/repository/org/jgrapht/jgrapht-jdk1.5/0.7.3/jgrapht-jdk1.5-0.7.3.jar:/Users/fernandofederico/.m2/repository/org/mule/modules/mule-module-spring-config/3.3.0/mule-module-spring-config-3.3.0.jar:/Users/fernandofederico/.m2/repository/org/mule/modules/mule-module-annotations/3.3.0/mule-module-annotations-3.3.0.jar:/Users/fernandofederico/.m2/repository/cglib/cglib-nodep/2.2/cglib-nodep-2.2.jar:/Users/fernandofederico/.m2/repository/org/springframework/spring-context/3.1.1.RELEASE/spring-context-3.1.1.RELEASE.jar:/Users/fernandofederico/.m2/repository/org/springframework/spring-aop/3.1.1.RELEASE/spring-aop-3.1.1.RELEASE.jar:/Users/fernandofederico/.m2/repository/org/springframework/spring-beans/3.1.1.RELEASE/spring-beans-3.1.1.RELEASE.jar:/Users/fernandofederico/.m2/repository/org/springframework/spring-core/3.1.1.RELEASE/spring-core-3.1.1.RELEASE.jar:/Users/fernandofederico/.m2/repository/org/springframework/spring-expression/3.1.1.RELEASE/spring-expression-3.1.1.RELEASE.jar:/Users/fernandofederico/.m2/repository/org/springframework/spring-asm/3.1.1.RELEASE/spring-asm-3.1.1.RELEASE.jar:/Users/fernandofederico/.m2/repository/dom4j/dom4j/1.6.1-osgi/dom4j-1.6.1-osgi.jar:/Users/fernandofederico/.m2/repository/jaxen/jaxen/1.1.1/jaxen-1.1.1.jar:/Users/fernandofederico/.m2/repository/jdom/jdom/1.0/jdom-1.0.jar:/Users/fernandofederico/.m2/repository/org/mule/tools/devkit/mule-devkit-annotations/3.3.1/mule-devkit-annotations-3.3.1.jar:/Users/fernandofederico/.m2/repository/javax/inject/javax.inject/1/javax.inject-1.jar:/Users/fernandofederico/.m2/repository/junit/junit/4.8.2/junit-4.8.2.jar:/Users/fernandofederico/Desktop/source/munit/core/assert/target/assert-3.3.2-SNAPSHOT.jar:/Users/fernandofederico/.m2/repository/oauth/signpost/signpost-core/1.2.1.1/signpost-core-1.2.1.1.jar:/Users/fernandofederico/.m2/repository/commons-codec/commons-codec/1.3/commons-codec-1.3.jar:/Users/fernandofederico/.m2/repository/org/mockito/mockito-all/1.8.2/mockito-all-1.8.2.jar:/Users/fernandofederico/.m2/repository/org/mule/tests/mule-tests-functional/3.3.0/mule-tests-functional-3.3.0.jar:/Users/fernandofederico/.m2/repository/org/mule/mule-core/3.3.0/mule-core-3.3.0-tests.jar:/Users/fernandofederico/.m2/repository/org/mule/transports/mule-transport-vm/3.3.0/mule-transport-vm-3.3.0.jar:/Users/fernandofederico/.m2/repository/org/mule/modules/mule-module-xml/3.3.0/mule-module-xml-3.3.0.jar:/Users/fernandofederico/.m2/repository/org/apache/geronimo/specs/geronimo-stax-api_1.0_spec/1.0.1/geronimo-stax-api_1.0_spec-1.0.1.jar:/Users/fernandofederico/.m2/repository/commons-jxpath/commons-jxpath/1.3-osgi/commons-jxpath-1.3-osgi.jar:/Users/fernandofederico/.m2/repository/com/thoughtworks/xstream/xstream/1.4.2/xstream-1.4.2.jar:/Users/fernandofederico/.m2/repository/xmlpull/xmlpull/1.1.3.1/xmlpull-1.1.3.1.jar:/Users/fernandofederico/.m2/repository/joda-time/joda-time/1.6/joda-time-1.6.jar:/Users/fernandofederico/.m2/repository/xpp3/xpp3_min/1.1.3.4.O-osgi/xpp3_min-1.1.3.4.O-osgi.jar:/Users/fernandofederico/.m2/repository/org/codehaus/woodstox/woodstox-core-asl/4.0.8/woodstox-core-asl-4.0.8.jar:/Users/fernandofederico/.m2/repository/org/codehaus/woodstox/stax2-api/3.0.2/stax2-api-3.0.2.jar:/Users/fernandofederico/.m2/repository/net/java/dev/stax-utils/stax-utils/20080702-osgi/stax-utils-20080702-osgi.jar:/Users/fernandofederico/.m2/repository/net/sf/saxon/saxon/8.9.0.4-osgi/saxon-8.9.0.4-osgi.jar:/Users/fernandofederico/.m2/repository/net/sf/saxon/saxon-dom/8.9.0.4-osgi/saxon-dom-8.9.0.4-osgi.jar:/Users/fernandofederico/.m2/repository/net/sf/saxon/saxon-xqj/8.9.0.4/saxon-xqj-8.9.0.4.jar:/Users/fernandofederico/.m2/repository/javax/xml/bind/jaxb-api/2.1/jaxb-api-2.1.jar:/Users/fernandofederico/.m2/repository/com/sun/xml/bind/jaxb-impl/2.1.5/jaxb-impl-2.1.5.jar:/Users/fernandofederico/.m2/repository/org/mule/transports/mule-transport-jdbc/3.3.0/mule-transport-jdbc-3.3.0.jar:/Users/fernandofederico/.m2/repository/commons-dbutils/commons-dbutils/1.2/commons-dbutils-1.2.jar:/Users/fernandofederico/.m2/repository/com/experlog/xapool/1.5.0-osgi/xapool-1.5.0-osgi.jar:/Users/fernandofederico/.m2/repository/org/mule/transports/mule-transport-jms/3.3.0/mule-transport-jms-3.3.0.jar:/Users/fernandofederico/.m2/repository/org/apache/geronimo/specs/geronimo-jms_1.1_spec/1.1-osgi/geronimo-jms_1.1_spec-1.1-osgi.jar:/Users/fernandofederico/.m2/repository/org/apache/geronimo/specs/geronimo-j2ee-management_1.0_spec/1.1-osgi/geronimo-j2ee-management_1.0_spec-1.1-osgi.jar:"/>
    <property name="java.vm.specification.version" value="1.0"/>
    <property name="sun.arch.data.model" value="64"/>
    <property name="java.home" value="/System/Library/Java/JavaVirtualMachines/1.6.0.jdk/Contents/Home"/>
    <property name="sun.java.command" value="/Users/fernandofederico/Desktop/source/munit/core/runner/target/surefire/surefirebooter584695381704766926.jar /Users/fernandofederico/Desktop/source/munit/core/runner/target/surefire/surefire4783136922648758371tmp /Users/fernandofederico/Desktop/source/munit/core/runner/target/surefire/surefire7886657540252002907tmp"/>
    <property name="java.specification.vendor" value="Sun Microsystems Inc."/>
    <property name="user.language" value="en"/>
    <property name="awt.toolkit" value="apple.awt.CToolkit"/>
    <property name="java.vm.info" value="mixed mode"/>
    <property name="java.version" value="1.6.0_29"/>
    <property name="java.ext.dirs" value="/Library/Java/Extensions:/System/Library/Java/Extensions:/System/Library/Java/JavaVirtualMachines/1.6.0.jdk/Contents/Home/lib/ext"/>
    <property name="sun.boot.class.path" value="/System/Library/Java/JavaVirtualMachines/1.6.0.jdk/Contents/Classes/jsfd.jar:/System/Library/Java/JavaVirtualMachines/1.6.0.jdk/Contents/Classes/classes.jar:/System/Library/Frameworks/JavaVM.framework/Frameworks/JavaRuntimeSupport.framework/Resources/Java/JavaRuntimeSupport.jar:/System/Library/Java/JavaVirtualMachines/1.6.0.jdk/Contents/Classes/ui.jar:/System/Library/Java/JavaVirtualMachines/1.6.0.jdk/Contents/Classes/laf.jar:/System/Library/Java/JavaVirtualMachines/1.6.0.jdk/Contents/Classes/sunrsasign.jar:/System/Library/Java/JavaVirtualMachines/1.6.0.jdk/Contents/Classes/jsse.jar:/System/Library/Java/JavaVirtualMachines/1.6.0.jdk/Contents/Classes/jce.jar:/System/Library/Java/JavaVirtualMachines/1.6.0.jdk/Contents/Classes/charsets.jar"/>
    <property name="java.vendor" value="Apple Inc."/>
    <property name="localRepository" value="/Users/fernandofederico/.m2/repository"/>
    <property name="file.separator" value="/"/>
    <property name="java.vendor.url.bug" value="http://bugreport.apple.com/"/>
    <property name="sun.cpu.endian" value="little"/>
    <property name="sun.io.unicode.encoding" value="UnicodeLittle"/>
    <property name="mrj.version" value="1070.1.6.0_29-402"/>
    <property name="socksNonProxyHosts" value="local|*.local|169.254/16|*.169.254/16"/>
    <property name="ftp.nonProxyHosts" value="local|*.local|169.254/16|*.169.254/16"/>
    <property name="sun.cpu.isalist" value=""/>
  </properties>
  <testcase time="0.005" classname="org.mule.munit.runner.SuiteBuilderTest" name="beforeAndAfterFlowsMustBeRetrieved"/>
  <testcase time="0.009" classname="org.mule.munit.runner.SuiteBuilderTest" name="ignoredFlowMustNotBeInTheSuite"/>
</testsuite>